<?xml version="1.0" encoding="UTF-8"?>
<!-- Generated by org.testng.reporters.JUnitReportReporter -->
<testsuite hostname="DESKTOP-Q9NQ067" failures="0" tests="2" name="Practice.SoftAssertion" time="0.031" errors="0" timestamp="10 Jun 2018 08:02:49 GMT" skipped="0">
  <testcase classname="Practice.SoftAssertion" name="f1" time="0.024"/>
  <testcase classname="Practice.SoftAssertion" name="f2" time="0.007"/>
</testsuite> <!-- Practice.SoftAssertion -->
