<?xml version="1.0" encoding="UTF-8"?>
<!-- Generated by org.testng.reporters.JUnitReportReporter -->
<testsuite hostname="DESKTOP-Q9NQ067" failures="0" tests="2" name="Practice.BasicAssert" time="0.229" errors="0" timestamp="20 May 2018 16:59:28 GMT" skipped="0">
  <testcase classname="Practice.BasicAssert" name="f1" time="0.215"/>
  <testcase classname="Practice.BasicAssert" name="f2" time="0.014"/>
</testsuite> <!-- Practice.BasicAssert -->
